<?xml version="1.0" encoding="UTF-8"?>
<testsuite xmlns:xsi="http://www.w3.org/2001/XMLSchema-instance" xsi:noNamespaceSchemaLocation="https://maven.apache.org/surefire/maven-surefire-plugin/xsd/surefire-test-report.xsd" name="EdgeTest" time="0" tests="5" errors="0" skipped="0" failures="0">
  <properties>
[...]
</properties>
  <testcase name="testGetId" classname="EdgeTest" time="0"/>
  <testcase name="testGetDestination" classname="EdgeTest" time="0"/>
  <testcase name="testSetWeight" classname="EdgeTest" time="0"/>
  <testcase name="testGetSource" classname="EdgeTest" time="0"/>
  <testcase name="testGetWeight" classname="EdgeTest" time="0"/>
</testsuite>